<?xml version="1.0" encoding="UTF-8"?>
<testng-results ignored="0" total="2" passed="2" failed="0" skipped="0">
  <reporter-output>
  </reporter-output>
  <suite started-at="2025-07-29T10:31:05 IST" name="Suite" finished-at="2025-07-29T10:31:10 IST" duration-ms="4836">
    <groups>
      <group name="Regression">
        <method signature="LoginTest.validLoginTest()[pri:1, instance:testcases.LoginTest@36804139]" name="validLoginTest" class="testcases.LoginTest"/>
        <method signature="HomePageTest.verifyDashboardDisplaysLoginUsername()[pri:2, instance:testcases.HomePageTest@461ad730]" name="verifyDashboardDisplaysLoginUsername" class="testcases.HomePageTest"/>
      </group> <!-- Regression -->
      <group name="login">
        <method signature="LoginTest.validLoginTest()[pri:1, instance:testcases.LoginTest@36804139]" name="validLoginTest" class="testcases.LoginTest"/>
      </group> <!-- login -->
      <group name="homepage">
        <method signature="HomePageTest.verifyDashboardDisplaysLoginUsername()[pri:2, instance:testcases.HomePageTest@461ad730]" name="verifyDashboardDisplaysLoginUsername" class="testcases.HomePageTest"/>
      </group> <!-- homepage -->
    </groups>
    <test started-at="2025-07-29T10:31:05 IST" name="Test" finished-at="2025-07-29T10:31:10 IST" duration-ms="4836">
      <class name="testcases.HomePageTest">
        <test-method signature="verifyDashboardDisplaysLoginUsername()[pri:2, instance:testcases.HomePageTest@461ad730]" started-at="2025-07-29T10:31:10 IST" name="verifyDashboardDisplaysLoginUsername" description="Verify Login User ID Is Same" finished-at="2025-07-29T10:31:10 IST" duration-ms="59" status="PASS">
          <reporter-output>
          </reporter-output>
        </test-method> <!-- verifyDashboardDisplaysLoginUsername -->
      </class> <!-- testcases.HomePageTest -->
      <class name="testcases.LoginTest">
        <test-method is-config="true" signature="setupBrowser()[pri:0, instance:testcases.LoginTest@36804139]" started-at="2025-07-29T10:31:01 IST" name="setupBrowser" finished-at="2025-07-29T10:31:05 IST" duration-ms="4036" status="PASS">
          <reporter-output>
          </reporter-output>
        </test-method> <!-- setupBrowser -->
        <test-method signature="validLoginTest()[pri:1, instance:testcases.LoginTest@36804139]" started-at="2025-07-29T10:31:05 IST" name="validLoginTest" description="Valid login" finished-at="2025-07-29T10:31:09 IST" duration-ms="3687" status="PASS">
          <reporter-output>
          </reporter-output>
        </test-method> <!-- validLoginTest -->
        <test-method is-config="true" signature="tearDown()[pri:0, instance:testcases.LoginTest@36804139]" started-at="2025-07-29T10:31:11 IST" name="tearDown" finished-at="2025-07-29T10:31:11 IST" duration-ms="215" status="PASS">
          <reporter-output>
          </reporter-output>
        </test-method> <!-- tearDown -->
      </class> <!-- testcases.LoginTest -->
    </test> <!-- Test -->
  </suite> <!-- Suite -->
</testng-results>
