<?xml version="1.0" encoding="UTF-8"?>
<testng-results ignored="0" total="4" passed="4" failed="0" skipped="0">
  <reporter-output>
  </reporter-output>
  <suite started-at="2025-07-29T11:44:18 IST" name="Suite" finished-at="2025-07-29T11:44:30 IST" duration-ms="12192">
    <groups>
      <group name="Regression">
        <method signature="LoginTest.validLoginTest()[pri:1, instance:testcases.LoginTest@24959ca4]" name="validLoginTest" class="testcases.LoginTest"/>
        <method signature="HomePageTest.verifyDashboardDisplaysLoginUsername()[pri:2, instance:testcases.HomePageTest@7068e664]" name="verifyDashboardDisplaysLoginUsername" class="testcases.HomePageTest"/>
        <method signature="HomePageTest.verifyDashboardCards()[pri:3, instance:testcases.HomePageTest@7068e664]" name="verifyDashboardCards" class="testcases.HomePageTest"/>
        <method signature="LogoutTest.validLogoutTest()[pri:4, instance:testcases.LogoutTest@60db1c0e]" name="validLogoutTest" class="testcases.LogoutTest"/>
      </group> <!-- Regression -->
      <group name="login">
        <method signature="LoginTest.validLoginTest()[pri:1, instance:testcases.LoginTest@24959ca4]" name="validLoginTest" class="testcases.LoginTest"/>
        <method signature="LogoutTest.validLogoutTest()[pri:4, instance:testcases.LogoutTest@60db1c0e]" name="validLogoutTest" class="testcases.LogoutTest"/>
      </group> <!-- login -->
      <group name="homepage">
        <method signature="HomePageTest.verifyDashboardDisplaysLoginUsername()[pri:2, instance:testcases.HomePageTest@7068e664]" name="verifyDashboardDisplaysLoginUsername" class="testcases.HomePageTest"/>
        <method signature="HomePageTest.verifyDashboardCards()[pri:3, instance:testcases.HomePageTest@7068e664]" name="verifyDashboardCards" class="testcases.HomePageTest"/>
      </group> <!-- homepage -->
    </groups>
    <test started-at="2025-07-29T11:44:18 IST" name="Test" finished-at="2025-07-29T11:44:30 IST" duration-ms="12192">
      <class name="testcases.LogoutTest">
        <test-method signature="validLogoutTest()[pri:4, instance:testcases.LogoutTest@60db1c0e]" started-at="2025-07-29T11:44:27 IST" name="validLogoutTest" description="Valid logout" finished-at="2025-07-29T11:44:30 IST" duration-ms="2611" status="PASS">
          <reporter-output>
          </reporter-output>
        </test-method> <!-- validLogoutTest -->
      </class> <!-- testcases.LogoutTest -->
      <class name="testcases.HomePageTest">
        <test-method signature="verifyDashboardDisplaysLoginUsername()[pri:2, instance:testcases.HomePageTest@7068e664]" started-at="2025-07-29T11:44:26 IST" name="verifyDashboardDisplaysLoginUsername" description="Verify Login User ID Is Same" finished-at="2025-07-29T11:44:26 IST" duration-ms="47" status="PASS">
          <reporter-output>
          </reporter-output>
        </test-method> <!-- verifyDashboardDisplaysLoginUsername -->
        <test-method signature="verifyDashboardCards()[pri:3, instance:testcases.HomePageTest@7068e664]" started-at="2025-07-29T11:44:27 IST" name="verifyDashboardCards" description="Verify dashboards cards" finished-at="2025-07-29T11:44:27 IST" duration-ms="106" status="PASS">
          <reporter-output>
          </reporter-output>
        </test-method> <!-- verifyDashboardCards -->
      </class> <!-- testcases.HomePageTest -->
      <class name="testcases.LoginTest">
        <test-method is-config="true" signature="setupBrowser()[pri:0, instance:testcases.LoginTest@24959ca4]" started-at="2025-07-29T11:44:15 IST" name="setupBrowser" finished-at="2025-07-29T11:44:18 IST" duration-ms="3408" status="PASS">
          <reporter-output>
          </reporter-output>
        </test-method> <!-- setupBrowser -->
        <test-method signature="validLoginTest()[pri:1, instance:testcases.LoginTest@24959ca4]" started-at="2025-07-29T11:44:18 IST" name="validLoginTest" description="Valid login" finished-at="2025-07-29T11:44:25 IST" duration-ms="7318" status="PASS">
          <reporter-output>
          </reporter-output>
        </test-method> <!-- validLoginTest -->
        <test-method is-config="true" signature="tearDown()[pri:0, instance:testcases.LoginTest@24959ca4]" started-at="2025-07-29T11:44:31 IST" name="tearDown" finished-at="2025-07-29T11:44:31 IST" duration-ms="293" status="PASS">
          <reporter-output>
          </reporter-output>
        </test-method> <!-- tearDown -->
      </class> <!-- testcases.LoginTest -->
    </test> <!-- Test -->
  </suite> <!-- Suite -->
</testng-results>
