<?xml version="1.0" encoding="UTF-8"?>
<!-- Generated by org.testng.reporters.JUnitXMLReporter -->
<testsuite ignored="4" hostname="ritikkewalka.local" failures="0" tests="4" name="Test" time="12.192" errors="0" timestamp="2025-07-29T11:44:31 IST">
  <testcase classname="testcases.LoginTest" name="validLoginTest" time="7.318"/>
  <testcase classname="testcases.HomePageTest" name="verifyDashboardDisplaysLoginUsername" time="0.047"/>
  <testcase classname="testcases.HomePageTest" name="verifyDashboardCards" time="0.106"/>
  <testcase classname="testcases.LogoutTest" name="validLogoutTest" time="2.611"/>
  <testcase classname="base.BaseClass" name="@BeforeSuite setupBrowser" time="0.0">
    <ignored/>
  </testcase> <!-- @BeforeSuite setupBrowser -->
  <testcase classname="base.BaseClass" name="@AfterSuite tearDown" time="0.0">
    <ignored/>
  </testcase> <!-- @AfterSuite tearDown -->
  <testcase classname="base.BaseClass" name="@BeforeSuite setupBrowser" time="0.0">
    <ignored/>
  </testcase> <!-- @BeforeSuite setupBrowser -->
  <testcase classname="base.BaseClass" name="@AfterSuite tearDown" time="0.0">
    <ignored/>
  </testcase> <!-- @AfterSuite tearDown -->
</testsuite> <!-- Test -->
