<?xml version="1.0" encoding="UTF-8"?>
<!-- Generated by org.testng.reporters.JUnitXMLReporter -->
<testsuite ignored="2" hostname="ritikkewalka.local" failures="0" tests="3" name="Test" time="6.577" errors="0" timestamp="2025-07-29T11:01:57 IST">
  <testcase classname="testcases.LoginTest" name="validLoginTest" time="4.774"/>
  <testcase classname="testcases.HomePageTest" name="verifyDashboardDisplaysLoginUsername" time="0.069"/>
  <testcase classname="testcases.HomePageTest" name="verifyDashboardCards" time="0.098"/>
  <testcase classname="base.BaseClass" name="@BeforeSuite setupBrowser" time="0.0">
    <ignored/>
  </testcase> <!-- @BeforeSuite setupBrowser -->
  <testcase classname="base.BaseClass" name="@AfterSuite tearDown" time="0.0">
    <ignored/>
  </testcase> <!-- @AfterSuite tearDown -->
</testsuite> <!-- Test -->
